<?xml version="1.0" encoding="UTF-8"?>
<testsuites>
  <testsuite name="Test Suite" tests="10" assertions="10" errors="0" failures="0" skipped="0" time="0.073678">
    <testsuite name="Jaybizzle\DocToText\Test\DocToTextTest" file="/Users/markbeech/Desktop/doc-to-text/tests/DocToTextTest.php" tests="10" assertions="10" errors="0" failures="0" skipped="0" time="0.073678">
      <testcase name="it_can_extract_text_from_a_doc" class="Jaybizzle\DocToText\Test\DocToTextTest" classname="Jaybizzle.DocToText.Test.DocToTextTest" file="/Users/markbeech/Desktop/doc-to-text/tests/DocToTextTest.php" line="16" assertions="1" time="0.014135"/>
      <testcase name="it_provides_a_static_method_to_extract_text" class="Jaybizzle\DocToText\Test\DocToTextTest" classname="Jaybizzle.DocToText.Test.DocToTextTest" file="/Users/markbeech/Desktop/doc-to-text/tests/DocToTextTest.php" line="26" assertions="1" time="0.010763"/>
      <testcase name="it_can_handle_paths_with_spaces" class="Jaybizzle\DocToText\Test\DocToTextTest" classname="Jaybizzle.DocToText.Test.DocToTextTest" file="/Users/markbeech/Desktop/doc-to-text/tests/DocToTextTest.php" line="32" assertions="1" time="0.006766"/>
      <testcase name="it_can_handle_paths_with_single_quotes" class="Jaybizzle\DocToText\Test\DocToTextTest" classname="Jaybizzle.DocToText.Test.DocToTextTest" file="/Users/markbeech/Desktop/doc-to-text/tests/DocToTextTest.php" line="40" assertions="1" time="0.007283"/>
      <testcase name="it_can_handle_doctotext_options_without_starting_hyphen" class="Jaybizzle\DocToText\Test\DocToTextTest" classname="Jaybizzle.DocToText.Test.DocToTextTest" file="/Users/markbeech/Desktop/doc-to-text/tests/DocToTextTest.php" line="48" assertions="1" time="0.007513"/>
      <testcase name="it_can_handle_doctotext_options_with_starting_hyphen" class="Jaybizzle\DocToText\Test\DocToTextTest" classname="Jaybizzle.DocToText.Test.DocToTextTest" file="/Users/markbeech/Desktop/doc-to-text/tests/DocToTextTest.php" line="59" assertions="1" time="0.006695"/>
      <testcase name="it_can_handle_doctotext_options_with_mixed_hyphen_status" class="Jaybizzle\DocToText\Test\DocToTextTest" classname="Jaybizzle.DocToText.Test.DocToTextTest" file="/Users/markbeech/Desktop/doc-to-text/tests/DocToTextTest.php" line="70" assertions="1" time="0.008278"/>
      <testcase name="it_will_throw_an_exception_when_the_doc_is_not_found" class="Jaybizzle\DocToText\Test\DocToTextTest" classname="Jaybizzle.DocToText.Test.DocToTextTest" file="/Users/markbeech/Desktop/doc-to-text/tests/DocToTextTest.php" line="81" assertions="1" time="0.000954"/>
      <testcase name="it_will_throw_an_exception_when_the_binary_is_not_found" class="Jaybizzle\DocToText\Test\DocToTextTest" classname="Jaybizzle.DocToText.Test.DocToTextTest" file="/Users/markbeech/Desktop/doc-to-text/tests/DocToTextTest.php" line="91" assertions="1" time="0.004240"/>
      <testcase name="it_will_throw_an_exception_when_the_option_is_unknown" class="Jaybizzle\DocToText\Test\DocToTextTest" classname="Jaybizzle.DocToText.Test.DocToTextTest" file="/Users/markbeech/Desktop/doc-to-text/tests/DocToTextTest.php" line="101" assertions="1" time="0.007051"/>
    </testsuite>
  </testsuite>
</testsuites>
